CRITICAL - 2022-11-10 12:19:40 --> file_get_contents(D:\servers\xampp\htdocs\ci4-apps\clickfinans\writable\debugbar/debugbar_1668018815.891593.json): Failed to open stream: No such file or directory
in SYSTEMPATH\Debug\Toolbar\Collectors\History.php on line 82.
 1 [internal function]: CodeIgniter\Debug\Exceptions->errorHandler(2, 'file_get_contents(D:\\servers\\xampp\\htdocs\\ci4-apps\\clickfinans\\writable\\debugbar/debugbar_1668018815.891593.json): Failed to open stream: No such file or directory', 'SYSTEMPATH\\Debug\\Toolbar\\Collectors\\History.php', 82)
 2 SYSTEMPATH\Debug\Toolbar\Collectors\History.php(82): file_get_contents('FCPATH\\writable\\debugbar/debugbar_1668018815.891593.json')
 3 SYSTEMPATH\Debug\Toolbar.php(500): CodeIgniter\Debug\Toolbar\Collectors\History->setFiles('1668104374.317209', 20)
 4 SYSTEMPATH\Debug\Toolbar.php(477): CodeIgniter\Debug\Toolbar->format([...], 'html')
 5 APPPATH\Config\Events.php(46): CodeIgniter\Debug\Toolbar->respond()
 6 SYSTEMPATH\Events\Events.php(149): CodeIgniter\Events\Events::Config\{closure}()
 7 SYSTEMPATH\CodeIgniter.php(328): CodeIgniter\Events\Events::trigger('pre_system')
 8 FCPATH\index.php(67): CodeIgniter\CodeIgniter->run()
CRITICAL - 2022-11-10 12:26:56 --> Undefined variable $router
in APPPATH\Views\layouts\main_layout.php on line 36.
 1 APPPATH\Views\layouts\main_layout.php(36): CodeIgniter\Debug\Exceptions->errorHandler(2, 'Undefined variable $router', 'APPPATH\\Views\\layouts\\main_layout.php', 36)
 2 SYSTEMPATH\View\View.php(213): include('APPPATH\\Views\\layouts\\main_layout.php')
 3 SYSTEMPATH\View\View.php(216): CodeIgniter\View\View->CodeIgniter\View\{closure}()
 4 SYSTEMPATH\View\View.php(229): CodeIgniter\View\View->render('/layouts/main_layout', [], true)
 5 SYSTEMPATH\Common.php(1134): CodeIgniter\View\View->render('teste', [], true)
 6 APPPATH\Controllers\Home.php(26): view('teste')
 7 SYSTEMPATH\CodeIgniter.php(927): App\Controllers\Home->teste()
 8 SYSTEMPATH\CodeIgniter.php(482): CodeIgniter\CodeIgniter->runController(Object(App\Controllers\Home))
 9 SYSTEMPATH\CodeIgniter.php(351): CodeIgniter\CodeIgniter->handleRequest(null, Object(Config\Cache), false)
10 FCPATH\index.php(67): CodeIgniter\CodeIgniter->run()
CRITICAL - 2022-11-10 12:27:25 --> Undefined variable $router
in APPPATH\Views\layouts\main_layout.php on line 36.
 1 APPPATH\Views\layouts\main_layout.php(36): CodeIgniter\Debug\Exceptions->errorHandler(2, 'Undefined variable $router', 'APPPATH\\Views\\layouts\\main_layout.php', 36)
 2 SYSTEMPATH\View\View.php(213): include('APPPATH\\Views\\layouts\\main_layout.php')
 3 SYSTEMPATH\View\View.php(216): CodeIgniter\View\View->CodeIgniter\View\{closure}()
 4 SYSTEMPATH\View\View.php(229): CodeIgniter\View\View->render('/layouts/main_layout', [], true)
 5 SYSTEMPATH\Common.php(1134): CodeIgniter\View\View->render('teste', [], true)
 6 APPPATH\Controllers\Home.php(26): view('teste')
 7 SYSTEMPATH\CodeIgniter.php(927): App\Controllers\Home->teste()
 8 SYSTEMPATH\CodeIgniter.php(482): CodeIgniter\CodeIgniter->runController(Object(App\Controllers\Home))
 9 SYSTEMPATH\CodeIgniter.php(351): CodeIgniter\CodeIgniter->handleRequest(null, Object(Config\Cache), false)
10 FCPATH\index.php(67): CodeIgniter\CodeIgniter->run()
CRITICAL - 2022-11-10 12:27:56 --> Undefined property: CodeIgniter\View\View::$router
in APPPATH\Views\layouts\main_layout.php on line 36.
 1 APPPATH\Views\layouts\main_layout.php(36): CodeIgniter\Debug\Exceptions->errorHandler(2, 'Undefined property: CodeIgniter\\View\\View::$router', 'APPPATH\\Views\\layouts\\main_layout.php', 36)
 2 SYSTEMPATH\View\View.php(213): include('APPPATH\\Views\\layouts\\main_layout.php')
 3 SYSTEMPATH\View\View.php(216): CodeIgniter\View\View->CodeIgniter\View\{closure}()
 4 SYSTEMPATH\View\View.php(229): CodeIgniter\View\View->render('/layouts/main_layout', [], true)
 5 SYSTEMPATH\Common.php(1134): CodeIgniter\View\View->render('teste', [], true)
 6 APPPATH\Controllers\Home.php(26): view('teste')
 7 SYSTEMPATH\CodeIgniter.php(927): App\Controllers\Home->teste()
 8 SYSTEMPATH\CodeIgniter.php(482): CodeIgniter\CodeIgniter->runController(Object(App\Controllers\Home))
 9 SYSTEMPATH\CodeIgniter.php(351): CodeIgniter\CodeIgniter->handleRequest(null, Object(Config\Cache), false)
10 FCPATH\index.php(67): CodeIgniter\CodeIgniter->run()
CRITICAL - 2022-11-10 12:53:25 --> Undefined variable $router
in APPPATH\Views\layouts\main_layout.php on line 36.
 1 APPPATH\Views\layouts\main_layout.php(36): CodeIgniter\Debug\Exceptions->errorHandler(2, 'Undefined variable $router', 'APPPATH\\Views\\layouts\\main_layout.php', 36)
 2 SYSTEMPATH\View\View.php(213): include('APPPATH\\Views\\layouts\\main_layout.php')
 3 SYSTEMPATH\View\View.php(216): CodeIgniter\View\View->CodeIgniter\View\{closure}()
 4 SYSTEMPATH\View\View.php(229): CodeIgniter\View\View->render('/layouts/main_layout', [], true)
 5 SYSTEMPATH\Common.php(1134): CodeIgniter\View\View->render('teste', [], true)
 6 APPPATH\Controllers\Home.php(30): view('teste')
 7 SYSTEMPATH\CodeIgniter.php(927): App\Controllers\Home->teste()
 8 SYSTEMPATH\CodeIgniter.php(482): CodeIgniter\CodeIgniter->runController(Object(App\Controllers\Home))
 9 SYSTEMPATH\CodeIgniter.php(351): CodeIgniter\CodeIgniter->handleRequest(null, Object(Config\Cache), false)
10 FCPATH\index.php(67): CodeIgniter\CodeIgniter->run()
CRITICAL - 2022-11-10 13:12:44 --> Call to undefined function get_controller_name()
in APPPATH\Views\layouts\main_layout.php on line 36.
 1 SYSTEMPATH\View\View.php(213): include()
 2 SYSTEMPATH\View\View.php(216): CodeIgniter\View\View->CodeIgniter\View\{closure}()
 3 SYSTEMPATH\View\View.php(229): CodeIgniter\View\View->render('/layouts/main_layout', [], true)
 4 SYSTEMPATH\Common.php(1134): CodeIgniter\View\View->render('home', [], true)
 5 APPPATH\Controllers\Home.php(17): view('home')
 6 SYSTEMPATH\CodeIgniter.php(927): App\Controllers\Home->index()
 7 SYSTEMPATH\CodeIgniter.php(482): CodeIgniter\CodeIgniter->runController(Object(App\Controllers\Home))
 8 SYSTEMPATH\CodeIgniter.php(351): CodeIgniter\CodeIgniter->handleRequest(null, Object(Config\Cache), false)
 9 FCPATH\index.php(67): CodeIgniter\CodeIgniter->run()
CRITICAL - 2022-11-10 13:16:34 --> Call to undefined function _get_controller_name()
in APPPATH\Views\layouts\main_layout.php on line 36.
 1 SYSTEMPATH\View\View.php(213): include()
 2 SYSTEMPATH\View\View.php(216): CodeIgniter\View\View->CodeIgniter\View\{closure}()
 3 SYSTEMPATH\View\View.php(229): CodeIgniter\View\View->render('/layouts/main_layout', [], true)
 4 SYSTEMPATH\Common.php(1134): CodeIgniter\View\View->render('home', [], true)
 5 APPPATH\Controllers\Home.php(17): view('home')
 6 SYSTEMPATH\CodeIgniter.php(927): App\Controllers\Home->index()
 7 SYSTEMPATH\CodeIgniter.php(482): CodeIgniter\CodeIgniter->runController(Object(App\Controllers\Home))
 8 SYSTEMPATH\CodeIgniter.php(351): CodeIgniter\CodeIgniter->handleRequest(null, Object(Config\Cache), false)
 9 FCPATH\index.php(67): CodeIgniter\CodeIgniter->run()
CRITICAL - 2022-11-10 13:17:09 --> Call to undefined function _get_controller_name()
in APPPATH\Views\layouts\main_layout.php on line 36.
 1 SYSTEMPATH\View\View.php(213): include()
 2 SYSTEMPATH\View\View.php(216): CodeIgniter\View\View->CodeIgniter\View\{closure}()
 3 SYSTEMPATH\View\View.php(229): CodeIgniter\View\View->render('/layouts/main_layout', [], true)
 4 SYSTEMPATH\Common.php(1134): CodeIgniter\View\View->render('home', [], true)
 5 APPPATH\Controllers\Home.php(17): view('home')
 6 SYSTEMPATH\CodeIgniter.php(927): App\Controllers\Home->index()
 7 SYSTEMPATH\CodeIgniter.php(482): CodeIgniter\CodeIgniter->runController(Object(App\Controllers\Home))
 8 SYSTEMPATH\CodeIgniter.php(351): CodeIgniter\CodeIgniter->handleRequest(null, Object(Config\Cache), false)
 9 FCPATH\index.php(67): CodeIgniter\CodeIgniter->run()
CRITICAL - 2022-11-10 13:17:12 --> Call to undefined function _get_controller_name()
in APPPATH\Views\layouts\main_layout.php on line 36.
 1 SYSTEMPATH\View\View.php(213): include()
 2 SYSTEMPATH\View\View.php(216): CodeIgniter\View\View->CodeIgniter\View\{closure}()
 3 SYSTEMPATH\View\View.php(229): CodeIgniter\View\View->render('/layouts/main_layout', [], true)
 4 SYSTEMPATH\Common.php(1134): CodeIgniter\View\View->render('home', [], true)
 5 APPPATH\Controllers\Home.php(17): view('home')
 6 SYSTEMPATH\CodeIgniter.php(927): App\Controllers\Home->index()
 7 SYSTEMPATH\CodeIgniter.php(482): CodeIgniter\CodeIgniter->runController(Object(App\Controllers\Home))
 8 SYSTEMPATH\CodeIgniter.php(351): CodeIgniter\CodeIgniter->handleRequest(null, Object(Config\Cache), false)
 9 FCPATH\index.php(67): CodeIgniter\CodeIgniter->run()
CRITICAL - 2022-11-10 20:45:39 --> file_get_contents(D:\servers\xampp\htdocs\ci4-apps\clickfinans\writable\debugbar/debugbar_1668126581.003105.json): Failed to open stream: No such file or directory
in SYSTEMPATH\Debug\Toolbar\Collectors\History.php on line 82.
 1 [internal function]: CodeIgniter\Debug\Exceptions->errorHandler(2, 'file_get_contents(D:\\servers\\xampp\\htdocs\\ci4-apps\\clickfinans\\writable\\debugbar/debugbar_1668126581.003105.json): Failed to open stream: No such file or directory', 'SYSTEMPATH\\Debug\\Toolbar\\Collectors\\History.php', 82)
 2 SYSTEMPATH\Debug\Toolbar\Collectors\History.php(82): file_get_contents('FCPATH\\writable\\debugbar/debugbar_1668126581.003105.json')
 3 SYSTEMPATH\Debug\Toolbar.php(500): CodeIgniter\Debug\Toolbar\Collectors\History->setFiles('1668134734.346868', 20)
 4 SYSTEMPATH\Debug\Toolbar.php(477): CodeIgniter\Debug\Toolbar->format([...], 'html')
 5 APPPATH\Config\Events.php(46): CodeIgniter\Debug\Toolbar->respond()
 6 SYSTEMPATH\Events\Events.php(149): CodeIgniter\Events\Events::Config\{closure}()
 7 SYSTEMPATH\CodeIgniter.php(328): CodeIgniter\Events\Events::trigger('pre_system')
 8 FCPATH\index.php(67): CodeIgniter\CodeIgniter->run()
