ERROR - 2023-11-10 11:31:18 --> mysqli_sql_exception: Unknown column 'cat_id' in 'where clause' in D:\servers\xampp\htdocs\ci4-apps\clickfinans\system\Database\MySQLi\Connection.php:292
Stack trace:
#0 D:\servers\xampp\htdocs\ci4-apps\clickfinans\system\Database\MySQLi\Connection.php(292): mysqli->query('SELECT COUNT(*)...', 0)
#1 D:\servers\xampp\htdocs\ci4-apps\clickfinans\system\Database\BaseConnection.php(666): CodeIgniter\Database\MySQLi\Connection->execute('SELECT COUNT(*)...')
#2 D:\servers\xampp\htdocs\ci4-apps\clickfinans\system\Database\BaseConnection.php(593): CodeIgniter\Database\BaseConnection->simpleQuery('SELECT COUNT(*)...')
#3 D:\servers\xampp\htdocs\ci4-apps\clickfinans\system\Database\BaseBuilder.php(1669): CodeIgniter\Database\BaseConnection->query('SELECT COUNT(*)...', Array, false)
#4 D:\servers\xampp\htdocs\ci4-apps\clickfinans\system\Model.php(551): CodeIgniter\Database\BaseBuilder->countAllResults(false)
#5 D:\servers\xampp\htdocs\ci4-apps\clickfinans\system\BaseModel.php(1106): CodeIgniter\Model->countAllResults(false)
#6 D:\servers\xampp\htdocs\ci4-apps\clickfinans\app\Controllers\Expense.php(83): CodeIgniter\BaseModel->paginate(5)
#7 D:\servers\xampp\htdocs\ci4-apps\clickfinans\system\CodeIgniter.php(927): App\Controllers\Expense->show()
#8 D:\servers\xampp\htdocs\ci4-apps\clickfinans\system\CodeIgniter.php(482): CodeIgniter\CodeIgniter->runController(Object(App\Controllers\Expense))
#9 D:\servers\xampp\htdocs\ci4-apps\clickfinans\system\CodeIgniter.php(351): CodeIgniter\CodeIgniter->handleRequest(NULL, Object(Config\Cache), false)
#10 D:\servers\xampp\htdocs\ci4-apps\clickfinans\index.php(67): CodeIgniter\CodeIgniter->run()
#11 {main}
CRITICAL - 2023-11-10 11:31:18 --> Unknown column 'cat_id' in 'where clause'
in SYSTEMPATH\Database\MySQLi\Connection.php on line 292.
 1 SYSTEMPATH\Database\MySQLi\Connection.php(292): mysqli->query('SELECT COUNT(*) AS `numrows`
FROM `expense_view`
WHERE `user_id` = \'1\'
AND `dt_despesa` >= \'2013-11-10\'
AND `cat_id` = \'1\'', 0)
 2 SYSTEMPATH\Database\BaseConnection.php(666): CodeIgniter\Database\MySQLi\Connection->execute('SELECT COUNT(*) AS `numrows`
FROM `expense_view`
WHERE `user_id` = \'1\'
AND `dt_despesa` >= \'2013-11-10\'
AND `cat_id` = \'1\'')
 3 SYSTEMPATH\Database\BaseConnection.php(593): CodeIgniter\Database\BaseConnection->simpleQuery('SELECT COUNT(*) AS `numrows`
FROM `expense_view`
WHERE `user_id` = \'1\'
AND `dt_despesa` >= \'2013-11-10\'
AND `cat_id` = \'1\'')
 4 SYSTEMPATH\Database\BaseBuilder.php(1669): CodeIgniter\Database\BaseConnection->query('SELECT COUNT(*) AS `numrows`
FROM `expense_view`
WHERE `user_id` = :user_id:
AND `dt_despesa` >= :dt_despesa:
AND `cat_id` = :cat_id:', [...], false)
 5 SYSTEMPATH\Model.php(551): CodeIgniter\Database\BaseBuilder->countAllResults(false)
 6 SYSTEMPATH\BaseModel.php(1106): CodeIgniter\Model->countAllResults(false)
 7 APPPATH\Controllers\Expense.php(83): CodeIgniter\BaseModel->paginate(5)
 8 SYSTEMPATH\CodeIgniter.php(927): App\Controllers\Expense->show()
 9 SYSTEMPATH\CodeIgniter.php(482): CodeIgniter\CodeIgniter->runController(Object(App\Controllers\Expense))
10 SYSTEMPATH\CodeIgniter.php(351): CodeIgniter\CodeIgniter->handleRequest(null, Object(Config\Cache), false)
11 FCPATH\index.php(67): CodeIgniter\CodeIgniter->run()
ERROR - 2023-11-10 11:52:12 --> mysqli_sql_exception: Unknown column 'cat_id' in 'where clause' in D:\servers\xampp\htdocs\ci4-apps\clickfinans\system\Database\MySQLi\Connection.php:292
Stack trace:
#0 D:\servers\xampp\htdocs\ci4-apps\clickfinans\system\Database\MySQLi\Connection.php(292): mysqli->query('SELECT COUNT(*)...', 0)
#1 D:\servers\xampp\htdocs\ci4-apps\clickfinans\system\Database\BaseConnection.php(666): CodeIgniter\Database\MySQLi\Connection->execute('SELECT COUNT(*)...')
#2 D:\servers\xampp\htdocs\ci4-apps\clickfinans\system\Database\BaseConnection.php(593): CodeIgniter\Database\BaseConnection->simpleQuery('SELECT COUNT(*)...')
#3 D:\servers\xampp\htdocs\ci4-apps\clickfinans\system\Database\BaseBuilder.php(1669): CodeIgniter\Database\BaseConnection->query('SELECT COUNT(*)...', Array, false)
#4 D:\servers\xampp\htdocs\ci4-apps\clickfinans\system\Model.php(551): CodeIgniter\Database\BaseBuilder->countAllResults(false)
#5 D:\servers\xampp\htdocs\ci4-apps\clickfinans\system\BaseModel.php(1106): CodeIgniter\Model->countAllResults(false)
#6 D:\servers\xampp\htdocs\ci4-apps\clickfinans\app\Controllers\Expense.php(83): CodeIgniter\BaseModel->paginate(5)
#7 D:\servers\xampp\htdocs\ci4-apps\clickfinans\system\CodeIgniter.php(927): App\Controllers\Expense->show()
#8 D:\servers\xampp\htdocs\ci4-apps\clickfinans\system\CodeIgniter.php(482): CodeIgniter\CodeIgniter->runController(Object(App\Controllers\Expense))
#9 D:\servers\xampp\htdocs\ci4-apps\clickfinans\system\CodeIgniter.php(351): CodeIgniter\CodeIgniter->handleRequest(NULL, Object(Config\Cache), false)
#10 D:\servers\xampp\htdocs\ci4-apps\clickfinans\index.php(67): CodeIgniter\CodeIgniter->run()
#11 {main}
CRITICAL - 2023-11-10 11:52:12 --> Unknown column 'cat_id' in 'where clause'
in SYSTEMPATH\Database\MySQLi\Connection.php on line 292.
 1 SYSTEMPATH\Database\MySQLi\Connection.php(292): mysqli->query('SELECT COUNT(*) AS `numrows`
FROM `expense_view`
WHERE `user_id` = \'1\'
AND `dt_despesa` >= \'2023-11-10\'
AND `cat_id` = \'1\'', 0)
 2 SYSTEMPATH\Database\BaseConnection.php(666): CodeIgniter\Database\MySQLi\Connection->execute('SELECT COUNT(*) AS `numrows`
FROM `expense_view`
WHERE `user_id` = \'1\'
AND `dt_despesa` >= \'2023-11-10\'
AND `cat_id` = \'1\'')
 3 SYSTEMPATH\Database\BaseConnection.php(593): CodeIgniter\Database\BaseConnection->simpleQuery('SELECT COUNT(*) AS `numrows`
FROM `expense_view`
WHERE `user_id` = \'1\'
AND `dt_despesa` >= \'2023-11-10\'
AND `cat_id` = \'1\'')
 4 SYSTEMPATH\Database\BaseBuilder.php(1669): CodeIgniter\Database\BaseConnection->query('SELECT COUNT(*) AS `numrows`
FROM `expense_view`
WHERE `user_id` = :user_id:
AND `dt_despesa` >= :dt_despesa:
AND `cat_id` = :cat_id:', [...], false)
 5 SYSTEMPATH\Model.php(551): CodeIgniter\Database\BaseBuilder->countAllResults(false)
 6 SYSTEMPATH\BaseModel.php(1106): CodeIgniter\Model->countAllResults(false)
 7 APPPATH\Controllers\Expense.php(83): CodeIgniter\BaseModel->paginate(5)
 8 SYSTEMPATH\CodeIgniter.php(927): App\Controllers\Expense->show()
 9 SYSTEMPATH\CodeIgniter.php(482): CodeIgniter\CodeIgniter->runController(Object(App\Controllers\Expense))
10 SYSTEMPATH\CodeIgniter.php(351): CodeIgniter\CodeIgniter->handleRequest(null, Object(Config\Cache), false)
11 FCPATH\index.php(67): CodeIgniter\CodeIgniter->run()
