CRITICAL - 2023-01-04 11:57:53 --> Undefined array key "img_path"
in APPPATH\Views\profile\profile_main.php on line 10.
 1 APPPATH\Views\profile\profile_main.php(10): CodeIgniter\Debug\Exceptions->errorHandler(2, 'Undefined array key "img_path"', 'APPPATH\\Views\\profile\\profile_main.php', 10)
 2 SYSTEMPATH\View\View.php(213): include('APPPATH\\Views\\profile\\profile_main.php')
 3 SYSTEMPATH\View\View.php(216): CodeIgniter\View\View->CodeIgniter\View\{closure}()
 4 SYSTEMPATH\Common.php(1134): CodeIgniter\View\View->render('profile/profile_main', [], true)
 5 APPPATH\Controllers\Profile.php(27): view('profile/profile_main', [...])
 6 SYSTEMPATH\CodeIgniter.php(927): App\Controllers\Profile->show()
 7 SYSTEMPATH\CodeIgniter.php(482): CodeIgniter\CodeIgniter->runController(Object(App\Controllers\Profile))
 8 SYSTEMPATH\CodeIgniter.php(351): CodeIgniter\CodeIgniter->handleRequest(null, Object(Config\Cache), false)
 9 FCPATH\index.php(67): CodeIgniter\CodeIgniter->run()
ERROR - 2023-01-04 11:58:26 --> mysqli_sql_exception: Cannot add or update a child row: a foreign key constraint fails (`clickfinans`.`despesa`, CONSTRAINT `usuario_fk` FOREIGN KEY (`usuario_fk`) REFERENCES `usuario` (`id`) ON DELETE CASCADE ON UPDATE CASCADE) in D:\servers\xampp\htdocs\ci4-apps\clickfinans\system\Database\MySQLi\Connection.php:292
Stack trace:
#0 D:\servers\xampp\htdocs\ci4-apps\clickfinans\system\Database\MySQLi\Connection.php(292): mysqli->query('INSERT INTO `de...', 0)
#1 D:\servers\xampp\htdocs\ci4-apps\clickfinans\system\Database\BaseConnection.php(666): CodeIgniter\Database\MySQLi\Connection->execute('INSERT INTO `de...')
#2 D:\servers\xampp\htdocs\ci4-apps\clickfinans\system\Database\BaseConnection.php(593): CodeIgniter\Database\BaseConnection->simpleQuery('INSERT INTO `de...')
#3 D:\servers\xampp\htdocs\ci4-apps\clickfinans\system\Database\BaseBuilder.php(1916): CodeIgniter\Database\BaseConnection->query('INSERT INTO `de...', Array, false)
#4 D:\servers\xampp\htdocs\ci4-apps\clickfinans\system\Model.php(279): CodeIgniter\Database\BaseBuilder->insert()
#5 D:\servers\xampp\htdocs\ci4-apps\clickfinans\system\BaseModel.php(749): CodeIgniter\Model->doInsert(Array)
#6 D:\servers\xampp\htdocs\ci4-apps\clickfinans\system\Model.php(667): CodeIgniter\BaseModel->insert(Array, false)
#7 D:\servers\xampp\htdocs\ci4-apps\clickfinans\system\BaseModel.php(659): CodeIgniter\Model->insert(Array, false)
#8 D:\servers\xampp\htdocs\ci4-apps\clickfinans\app\Controllers\Expense.php(177): CodeIgniter\BaseModel->save(Array)
#9 D:\servers\xampp\htdocs\ci4-apps\clickfinans\system\CodeIgniter.php(927): App\Controllers\Expense->save()
#10 D:\servers\xampp\htdocs\ci4-apps\clickfinans\system\CodeIgniter.php(482): CodeIgniter\CodeIgniter->runController(Object(App\Controllers\Expense))
#11 D:\servers\xampp\htdocs\ci4-apps\clickfinans\system\CodeIgniter.php(351): CodeIgniter\CodeIgniter->handleRequest(NULL, Object(Config\Cache), false)
#12 D:\servers\xampp\htdocs\ci4-apps\clickfinans\index.php(67): CodeIgniter\CodeIgniter->run()
#13 {main}
CRITICAL - 2023-01-04 11:58:26 --> Cannot add or update a child row: a foreign key constraint fails (`clickfinans`.`despesa`, CONSTRAINT `usuario_fk` FOREIGN KEY (`usuario_fk`) REFERENCES `usuario` (`id`) ON DELETE CASCADE ON UPDATE CASCADE)
in SYSTEMPATH\Database\MySQLi\Connection.php on line 292.
 1 SYSTEMPATH\Database\MySQLi\Connection.php(292): mysqli->query('INSERT INTO `despesa` (`descricao`, `valor`, `categoria_fk`, `dt_despesa`, `usuario_fk`) VALUES (\'skol \', \'1.11\', \'1\', \'2023-01-04\', 7)', 0)
 2 SYSTEMPATH\Database\BaseConnection.php(666): CodeIgniter\Database\MySQLi\Connection->execute('INSERT INTO `despesa` (`descricao`, `valor`, `categoria_fk`, `dt_despesa`, `usuario_fk`) VALUES (\'skol \', \'1.11\', \'1\', \'2023-01-04\', 7)')
 3 SYSTEMPATH\Database\BaseConnection.php(593): CodeIgniter\Database\BaseConnection->simpleQuery('INSERT INTO `despesa` (`descricao`, `valor`, `categoria_fk`, `dt_despesa`, `usuario_fk`) VALUES (\'skol \', \'1.11\', \'1\', \'2023-01-04\', 7)')
 4 SYSTEMPATH\Database\BaseBuilder.php(1916): CodeIgniter\Database\BaseConnection->query('INSERT INTO `despesa` (`descricao`, `valor`, `categoria_fk`, `dt_despesa`, `usuario_fk`) VALUES (:descricao:, :valor:, :categoria_fk:, :dt_despesa:, :usuario_fk:)', [...], false)
 5 SYSTEMPATH\Model.php(279): CodeIgniter\Database\BaseBuilder->insert()
 6 SYSTEMPATH\BaseModel.php(749): CodeIgniter\Model->doInsert([...])
 7 SYSTEMPATH\Model.php(667): CodeIgniter\BaseModel->insert([...], false)
 8 SYSTEMPATH\BaseModel.php(659): CodeIgniter\Model->insert([...], false)
 9 APPPATH\Controllers\Expense.php(177): CodeIgniter\BaseModel->save([...])
10 SYSTEMPATH\CodeIgniter.php(927): App\Controllers\Expense->save()
11 SYSTEMPATH\CodeIgniter.php(482): CodeIgniter\CodeIgniter->runController(Object(App\Controllers\Expense))
12 SYSTEMPATH\CodeIgniter.php(351): CodeIgniter\CodeIgniter->handleRequest(null, Object(Config\Cache), false)
13 FCPATH\index.php(67): CodeIgniter\CodeIgniter->run()
CRITICAL - 2023-01-04 19:30:35 --> Undefined array key "dt_despesa"
in APPPATH\Views\profile\profile_main.php on line 22.
 1 APPPATH\Views\profile\profile_main.php(22): CodeIgniter\Debug\Exceptions->errorHandler(2, 'Undefined array key "dt_despesa"', 'APPPATH\\Views\\profile\\profile_main.php', 22)
 2 SYSTEMPATH\View\View.php(213): include('APPPATH\\Views\\profile\\profile_main.php')
 3 SYSTEMPATH\View\View.php(216): CodeIgniter\View\View->CodeIgniter\View\{closure}()
 4 SYSTEMPATH\Common.php(1134): CodeIgniter\View\View->render('profile/profile_main', [], true)
 5 APPPATH\Controllers\Profile.php(27): view('profile/profile_main', [...])
 6 SYSTEMPATH\CodeIgniter.php(927): App\Controllers\Profile->show()
 7 SYSTEMPATH\CodeIgniter.php(482): CodeIgniter\CodeIgniter->runController(Object(App\Controllers\Profile))
 8 SYSTEMPATH\CodeIgniter.php(351): CodeIgniter\CodeIgniter->handleRequest(null, Object(Config\Cache), false)
 9 FCPATH\index.php(67): CodeIgniter\CodeIgniter->run()
