ERROR - 2022-12-21 19:08:46 --> mysqli_sql_exception: Unknown column 'user_id' in 'where clause' in D:\servers\xampp\htdocs\ci4-apps\clickfinans\system\Database\MySQLi\Connection.php:292
Stack trace:
#0 D:\servers\xampp\htdocs\ci4-apps\clickfinans\system\Database\MySQLi\Connection.php(292): mysqli->query('SELECT * FROM d...', 0)
#1 D:\servers\xampp\htdocs\ci4-apps\clickfinans\system\Database\BaseConnection.php(666): CodeIgniter\Database\MySQLi\Connection->execute('SELECT * FROM d...')
#2 D:\servers\xampp\htdocs\ci4-apps\clickfinans\system\Database\BaseConnection.php(593): CodeIgniter\Database\BaseConnection->simpleQuery('SELECT * FROM d...')
#3 D:\servers\xampp\htdocs\ci4-apps\clickfinans\app\Controllers\Home.php(30): CodeIgniter\Database\BaseConnection->query('SELECT * FROM d...')
#4 D:\servers\xampp\htdocs\ci4-apps\clickfinans\system\CodeIgniter.php(927): App\Controllers\Home->index()
#5 D:\servers\xampp\htdocs\ci4-apps\clickfinans\system\CodeIgniter.php(482): CodeIgniter\CodeIgniter->runController(Object(App\Controllers\Home))
#6 D:\servers\xampp\htdocs\ci4-apps\clickfinans\system\CodeIgniter.php(351): CodeIgniter\CodeIgniter->handleRequest(NULL, Object(Config\Cache), false)
#7 D:\servers\xampp\htdocs\ci4-apps\clickfinans\index.php(67): CodeIgniter\CodeIgniter->run()
#8 {main}
CRITICAL - 2022-12-21 19:08:46 --> Unknown column 'user_id' in 'where clause'
in SYSTEMPATH\Database\MySQLi\Connection.php on line 292.
 1 SYSTEMPATH\Database\MySQLi\Connection.php(292): mysqli->query('SELECT * FROM despesa WHERE DATE_FORMAT(dt_despesa, \'%Y-%m-%d\') = CURDATE() AND user_id = 3 ', 0)
 2 SYSTEMPATH\Database\BaseConnection.php(666): CodeIgniter\Database\MySQLi\Connection->execute('SELECT * FROM despesa WHERE DATE_FORMAT(dt_despesa, \'%Y-%m-%d\') = CURDATE() AND user_id = 3 ')
 3 SYSTEMPATH\Database\BaseConnection.php(593): CodeIgniter\Database\BaseConnection->simpleQuery('SELECT * FROM despesa WHERE DATE_FORMAT(dt_despesa, \'%Y-%m-%d\') = CURDATE() AND user_id = 3 ')
 4 APPPATH\Controllers\Home.php(30): CodeIgniter\Database\BaseConnection->query('SELECT * FROM despesa WHERE DATE_FORMAT(dt_despesa, \'%Y-%m-%d\') = CURDATE() AND user_id = 3 ')
 5 SYSTEMPATH\CodeIgniter.php(927): App\Controllers\Home->index()
 6 SYSTEMPATH\CodeIgniter.php(482): CodeIgniter\CodeIgniter->runController(Object(App\Controllers\Home))
 7 SYSTEMPATH\CodeIgniter.php(351): CodeIgniter\CodeIgniter->handleRequest(null, Object(Config\Cache), false)
 8 FCPATH\index.php(67): CodeIgniter\CodeIgniter->run()
