CRITICAL - 2023-10-14 11:23:34 --> Undefined variable $vmethod
in APPPATH\Controllers\Expense.php on line 56.
 1 APPPATH\Controllers\Expense.php(56): CodeIgniter\Debug\Exceptions->errorHandler(2, 'Undefined variable $vmethod', 'APPPATH\\Controllers\\Expense.php', 56)
 2 SYSTEMPATH\CodeIgniter.php(927): App\Controllers\Expense->show()
 3 SYSTEMPATH\CodeIgniter.php(482): CodeIgniter\CodeIgniter->runController(Object(App\Controllers\Expense))
 4 SYSTEMPATH\CodeIgniter.php(351): CodeIgniter\CodeIgniter->handleRequest(null, Object(Config\Cache), false)
 5 FCPATH\index.php(67): CodeIgniter\CodeIgniter->run()
CRITICAL - 2023-10-14 12:58:15 --> Undefined array key "dt_start"
in APPPATH\Controllers\Expense.php on line 49.
 1 APPPATH\Controllers\Expense.php(49): CodeIgniter\Debug\Exceptions->errorHandler(2, 'Undefined array key "dt_start"', 'APPPATH\\Controllers\\Expense.php', 49)
 2 SYSTEMPATH\CodeIgniter.php(927): App\Controllers\Expense->show()
 3 SYSTEMPATH\CodeIgniter.php(482): CodeIgniter\CodeIgniter->runController(Object(App\Controllers\Expense))
 4 SYSTEMPATH\CodeIgniter.php(351): CodeIgniter\CodeIgniter->handleRequest(null, Object(Config\Cache), false)
 5 FCPATH\index.php(67): CodeIgniter\CodeIgniter->run()
CRITICAL - 2023-10-14 13:00:45 --> Undefined array key "dt_start"
in APPPATH\Controllers\Expense.php on line 49.
 1 APPPATH\Controllers\Expense.php(49): CodeIgniter\Debug\Exceptions->errorHandler(2, 'Undefined array key "dt_start"', 'APPPATH\\Controllers\\Expense.php', 49)
 2 SYSTEMPATH\CodeIgniter.php(927): App\Controllers\Expense->show()
 3 SYSTEMPATH\CodeIgniter.php(482): CodeIgniter\CodeIgniter->runController(Object(App\Controllers\Expense))
 4 SYSTEMPATH\CodeIgniter.php(351): CodeIgniter\CodeIgniter->handleRequest(null, Object(Config\Cache), false)
 5 FCPATH\index.php(67): CodeIgniter\CodeIgniter->run()
CRITICAL - 2023-10-14 13:18:53 --> Undefined array key "dt_start"
in APPPATH\Controllers\Expense.php on line 49.
 1 APPPATH\Controllers\Expense.php(49): CodeIgniter\Debug\Exceptions->errorHandler(2, 'Undefined array key "dt_start"', 'APPPATH\\Controllers\\Expense.php', 49)
 2 SYSTEMPATH\CodeIgniter.php(927): App\Controllers\Expense->show()
 3 SYSTEMPATH\CodeIgniter.php(482): CodeIgniter\CodeIgniter->runController(Object(App\Controllers\Expense))
 4 SYSTEMPATH\CodeIgniter.php(351): CodeIgniter\CodeIgniter->handleRequest(null, Object(Config\Cache), false)
 5 FCPATH\index.php(67): CodeIgniter\CodeIgniter->run()
CRITICAL - 2023-10-14 13:19:24 --> Undefined array key "dt_end"
in APPPATH\Controllers\Expense.php on line 50.
 1 APPPATH\Controllers\Expense.php(50): CodeIgniter\Debug\Exceptions->errorHandler(2, 'Undefined array key "dt_end"', 'APPPATH\\Controllers\\Expense.php', 50)
 2 SYSTEMPATH\CodeIgniter.php(927): App\Controllers\Expense->show()
 3 SYSTEMPATH\CodeIgniter.php(482): CodeIgniter\CodeIgniter->runController(Object(App\Controllers\Expense))
 4 SYSTEMPATH\CodeIgniter.php(351): CodeIgniter\CodeIgniter->handleRequest(null, Object(Config\Cache), false)
 5 FCPATH\index.php(67): CodeIgniter\CodeIgniter->run()
