CRITICAL - 2023-10-11 11:47:03 --> Unclosed '{' on line 24
in APPPATH\Views\expense\exp_control.php on line 103.
 1 SYSTEMPATH\View\View.php(216): CodeIgniter\View\View->CodeIgniter\View\{closure}()
 2 SYSTEMPATH\Common.php(1134): CodeIgniter\View\View->render('expense/exp_control', [], true)
 3 APPPATH\Controllers\Expense.php(68): view('expense/exp_control', [...])
 4 SYSTEMPATH\CodeIgniter.php(927): App\Controllers\Expense->show()
 5 SYSTEMPATH\CodeIgniter.php(482): CodeIgniter\CodeIgniter->runController(Object(App\Controllers\Expense))
 6 SYSTEMPATH\CodeIgniter.php(351): CodeIgniter\CodeIgniter->handleRequest(null, Object(Config\Cache), false)
 7 FCPATH\index.php(67): CodeIgniter\CodeIgniter->run()
CRITICAL - 2023-10-11 11:47:41 --> Undefined variable $vcategory
in APPPATH\Views\expense\exp_control.php on line 24.
 1 APPPATH\Views\expense\exp_control.php(24): CodeIgniter\Debug\Exceptions->errorHandler(2, 'Undefined variable $vcategory', 'APPPATH\\Views\\expense\\exp_control.php', 24)
 2 SYSTEMPATH\View\View.php(213): include('APPPATH\\Views\\expense\\exp_control.php')
 3 SYSTEMPATH\View\View.php(216): CodeIgniter\View\View->CodeIgniter\View\{closure}()
 4 SYSTEMPATH\Common.php(1134): CodeIgniter\View\View->render('expense/exp_control', [], true)
 5 APPPATH\Controllers\Expense.php(68): view('expense/exp_control', [...])
 6 SYSTEMPATH\CodeIgniter.php(927): App\Controllers\Expense->show()
 7 SYSTEMPATH\CodeIgniter.php(482): CodeIgniter\CodeIgniter->runController(Object(App\Controllers\Expense))
 8 SYSTEMPATH\CodeIgniter.php(351): CodeIgniter\CodeIgniter->handleRequest(null, Object(Config\Cache), false)
 9 FCPATH\index.php(67): CodeIgniter\CodeIgniter->run()
