CRITICAL - 2024-07-22 19:18:08 --> Undefined constant "CodeIgniter\Debug\VENDORPATH"
in SYSTEMPATH\Debug\Exceptions.php on line 177.
 1 SYSTEMPATH\Debug\Exceptions.php(157): CodeIgniter\Debug\Exceptions->isFakerDeprecationError(8192, 'Creation of dynamic property App\\Controllers\\Home::$db is deprecated', 'APPPATH\\Controllers\\Home.php', 20)
 2 APPPATH\Controllers\Home.php(20): CodeIgniter\Debug\Exceptions->errorHandler(8192, 'Creation of dynamic property App\\Controllers\\Home::$db is deprecated', 'APPPATH\\Controllers\\Home.php', 20)
 3 SYSTEMPATH\CodeIgniter.php(889): App\Controllers\Home->__construct()
 4 SYSTEMPATH\CodeIgniter.php(473): CodeIgniter\CodeIgniter->createController()
 5 SYSTEMPATH\CodeIgniter.php(351): CodeIgniter\CodeIgniter->handleRequest(null, Object(Config\Cache), false)
 6 FCPATH\index.php(67): CodeIgniter\CodeIgniter->run()
CRITICAL - 2024-07-22 19:35:55 --> Creation of dynamic property App\Controllers\Home::$db is deprecated
in APPPATH\Controllers\Home.php on line 20.
 1 APPPATH\Controllers\Home.php(20): CodeIgniter\Debug\Exceptions->errorHandler(8192, 'Creation of dynamic property App\\Controllers\\Home::$db is deprecated', 'APPPATH\\Controllers\\Home.php', 20)
 2 SYSTEMPATH\CodeIgniter.php(889): App\Controllers\Home->__construct()
 3 SYSTEMPATH\CodeIgniter.php(473): CodeIgniter\CodeIgniter->createController()
 4 SYSTEMPATH\CodeIgniter.php(351): CodeIgniter\CodeIgniter->handleRequest(null, Object(Config\Cache), false)
 5 FCPATH\index.php(67): CodeIgniter\CodeIgniter->run()
CRITICAL - 2024-07-22 19:43:03 --> Creation of dynamic property App\Controllers\Expense::$expenseViewModel is deprecated
in APPPATH\Controllers\Expense.php on line 19.
 1 APPPATH\Controllers\Expense.php(19): CodeIgniter\Debug\Exceptions->errorHandler(8192, 'Creation of dynamic property App\\Controllers\\Expense::$expenseViewModel is deprecated', 'APPPATH\\Controllers\\Expense.php', 19)
 2 SYSTEMPATH\CodeIgniter.php(889): App\Controllers\Expense->__construct()
 3 SYSTEMPATH\CodeIgniter.php(473): CodeIgniter\CodeIgniter->createController()
 4 SYSTEMPATH\CodeIgniter.php(351): CodeIgniter\CodeIgniter->handleRequest(null, Object(Config\Cache), false)
 5 FCPATH\index.php(67): CodeIgniter\CodeIgniter->run()
CRITICAL - 2024-07-22 19:44:26 --> Attribute "AllowDynamicProperties" cannot target method (allowed targets: class)
in APPPATH\Controllers\Category.php on line 14.
 1 [internal function]: CodeIgniter\Debug\Exceptions->shutdownHandler()
