CRITICAL - 2022-12-23 19:19:48 --> Undefined variable $vexpense
in APPPATH\Views\expense\exp_add_edit.php on line 37.
 1 APPPATH\Views\expense\exp_add_edit.php(37): CodeIgniter\Debug\Exceptions->errorHandler(2, 'Undefined variable $vexpense', 'APPPATH\\Views\\expense\\exp_add_edit.php', 37)
 2 SYSTEMPATH\View\View.php(213): include('APPPATH\\Views\\expense\\exp_add_edit.php')
 3 SYSTEMPATH\View\View.php(216): CodeIgniter\View\View->CodeIgniter\View\{closure}()
 4 SYSTEMPATH\Common.php(1134): CodeIgniter\View\View->render('expense/exp_add_edit', [], true)
 5 APPPATH\Controllers\Expense.php(65): view('expense/exp_add_edit', [...])
 6 SYSTEMPATH\CodeIgniter.php(927): App\Controllers\Expense->new()
 7 SYSTEMPATH\CodeIgniter.php(482): CodeIgniter\CodeIgniter->runController(Object(App\Controllers\Expense))
 8 SYSTEMPATH\CodeIgniter.php(351): CodeIgniter\CodeIgniter->handleRequest(null, Object(Config\Cache), false)
 9 FCPATH\index.php(67): CodeIgniter\CodeIgniter->run()
CRITICAL - 2022-12-23 19:21:32 --> Undefined variable $vexpense
in APPPATH\Views\expense\exp_add_edit.php on line 49.
 1 APPPATH\Views\expense\exp_add_edit.php(49): CodeIgniter\Debug\Exceptions->errorHandler(2, 'Undefined variable $vexpense', 'APPPATH\\Views\\expense\\exp_add_edit.php', 49)
 2 SYSTEMPATH\View\View.php(213): include('APPPATH\\Views\\expense\\exp_add_edit.php')
 3 SYSTEMPATH\View\View.php(216): CodeIgniter\View\View->CodeIgniter\View\{closure}()
 4 SYSTEMPATH\Common.php(1134): CodeIgniter\View\View->render('expense/exp_add_edit', [], true)
 5 APPPATH\Controllers\Expense.php(65): view('expense/exp_add_edit', [...])
 6 SYSTEMPATH\CodeIgniter.php(927): App\Controllers\Expense->new()
 7 SYSTEMPATH\CodeIgniter.php(482): CodeIgniter\CodeIgniter->runController(Object(App\Controllers\Expense))
 8 SYSTEMPATH\CodeIgniter.php(351): CodeIgniter\CodeIgniter->handleRequest(null, Object(Config\Cache), false)
 9 FCPATH\index.php(67): CodeIgniter\CodeIgniter->run()
