CRITICAL - 2022-12-31 16:14:08 --> Undefined property: App\Controllers\Category::$category
in APPPATH\Controllers\Category.php on line 52.
 1 APPPATH\Controllers\Category.php(52): CodeIgniter\Debug\Exceptions->errorHandler(2, 'Undefined property: App\\Controllers\\Category::$category', 'APPPATH\\Controllers\\Category.php', 52)
 2 SYSTEMPATH\CodeIgniter.php(927): App\Controllers\Category->edit(1)
 3 SYSTEMPATH\CodeIgniter.php(482): CodeIgniter\CodeIgniter->runController(Object(App\Controllers\Category))
 4 SYSTEMPATH\CodeIgniter.php(351): CodeIgniter\CodeIgniter->handleRequest(null, Object(Config\Cache), false)
 5 FCPATH\index.php(67): CodeIgniter\CodeIgniter->run()
CRITICAL - 2022-12-31 16:15:14 --> Undefined property: App\Controllers\Category::$category
in APPPATH\Controllers\Category.php on line 48.
 1 APPPATH\Controllers\Category.php(48): CodeIgniter\Debug\Exceptions->errorHandler(2, 'Undefined property: App\\Controllers\\Category::$category', 'APPPATH\\Controllers\\Category.php', 48)
 2 SYSTEMPATH\CodeIgniter.php(927): App\Controllers\Category->edit(1)
 3 SYSTEMPATH\CodeIgniter.php(482): CodeIgniter\CodeIgniter->runController(Object(App\Controllers\Category))
 4 SYSTEMPATH\CodeIgniter.php(351): CodeIgniter\CodeIgniter->handleRequest(null, Object(Config\Cache), false)
 5 FCPATH\index.php(67): CodeIgniter\CodeIgniter->run()
CRITICAL - 2022-12-31 16:15:25 --> Undefined property: App\Controllers\Category::$category
in APPPATH\Controllers\Category.php on line 48.
 1 APPPATH\Controllers\Category.php(48): CodeIgniter\Debug\Exceptions->errorHandler(2, 'Undefined property: App\\Controllers\\Category::$category', 'APPPATH\\Controllers\\Category.php', 48)
 2 SYSTEMPATH\CodeIgniter.php(927): App\Controllers\Category->edit(1)
 3 SYSTEMPATH\CodeIgniter.php(482): CodeIgniter\CodeIgniter->runController(Object(App\Controllers\Category))
 4 SYSTEMPATH\CodeIgniter.php(351): CodeIgniter\CodeIgniter->handleRequest(null, Object(Config\Cache), false)
 5 FCPATH\index.php(67): CodeIgniter\CodeIgniter->run()
