CRITICAL - 2024-06-29 03:59:07 --> The framework needs the following extension(s) installed and loaded: intl.
in SYSTEMPATH\CodeIgniter.php on line 224.
 1 SYSTEMPATH\CodeIgniter.php(224): CodeIgniter\Exceptions\FrameworkException::forMissingExtension('intl')
 2 SYSTEMPATH\CodeIgniter.php(182): CodeIgniter\CodeIgniter->resolvePlatformExtensions()
 3 FCPATH\index.php(55): CodeIgniter\CodeIgniter->initialize()
CRITICAL - 2024-06-29 15:20:08 --> Undefined constant "CodeIgniter\Debug\VENDORPATH"
in SYSTEMPATH\Debug\Exceptions.php on line 177.
 1 SYSTEMPATH\Debug\Exceptions.php(157): CodeIgniter\Debug\Exceptions->isFakerDeprecationError(8192, 'Creation of dynamic property App\\Controllers\\Home::$db is deprecated', 'APPPATH\\Controllers\\Home.php', 20)
 2 APPPATH\Controllers\Home.php(20): CodeIgniter\Debug\Exceptions->errorHandler(8192, 'Creation of dynamic property App\\Controllers\\Home::$db is deprecated', 'APPPATH\\Controllers\\Home.php', 20)
 3 SYSTEMPATH\CodeIgniter.php(889): App\Controllers\Home->__construct()
 4 SYSTEMPATH\CodeIgniter.php(473): CodeIgniter\CodeIgniter->createController()
 5 SYSTEMPATH\CodeIgniter.php(351): CodeIgniter\CodeIgniter->handleRequest(null, Object(Config\Cache), false)
 6 FCPATH\index.php(67): CodeIgniter\CodeIgniter->run()
CRITICAL - 2024-06-29 15:20:25 --> Undefined constant "CodeIgniter\Debug\VENDORPATH"
in SYSTEMPATH\Debug\Exceptions.php on line 177.
 1 SYSTEMPATH\Debug\Exceptions.php(157): CodeIgniter\Debug\Exceptions->isFakerDeprecationError(8192, 'Creation of dynamic property App\\Controllers\\Home::$db is deprecated', 'APPPATH\\Controllers\\Home.php', 20)
 2 APPPATH\Controllers\Home.php(20): CodeIgniter\Debug\Exceptions->errorHandler(8192, 'Creation of dynamic property App\\Controllers\\Home::$db is deprecated', 'APPPATH\\Controllers\\Home.php', 20)
 3 SYSTEMPATH\CodeIgniter.php(889): App\Controllers\Home->__construct()
 4 SYSTEMPATH\CodeIgniter.php(473): CodeIgniter\CodeIgniter->createController()
 5 SYSTEMPATH\CodeIgniter.php(351): CodeIgniter\CodeIgniter->handleRequest(null, Object(Config\Cache), false)
 6 FCPATH\index.php(67): CodeIgniter\CodeIgniter->run()
